c:\users\yzh16\source\repos\z1haoye\39595\project\x64\debug\vc143.pdb
c:\users\yzh16\source\repos\z1haoye\39595\project\x64\debug\vc143.idb
c:\users\yzh16\source\repos\z1haoye\39595\project\x64\debug\printtos.obj
c:\users\yzh16\source\repos\z1haoye\39595\project\x64\debug\prints.obj
c:\users\yzh16\source\repos\z1haoye\39595\project\x64\debug\popscal.obj
c:\users\yzh16\source\repos\z1haoye\39595\project\x64\debug\poparr.obj
c:\users\yzh16\source\repos\z1haoye\39595\project\x64\debug\pop.obj
c:\users\yzh16\source\repos\z1haoye\39595\project\x64\debug\negate.obj
c:\users\yzh16\source\repos\z1haoye\39595\project\x64\debug\mul.obj
c:\users\yzh16\source\repos\z1haoye\39595\project\x64\debug\main.obj
c:\users\yzh16\source\repos\z1haoye\39595\project\x64\debug\label.obj
c:\users\yzh16\source\repos\z1haoye\39595\project\x64\debug\jumpzero.obj
c:\users\yzh16\source\repos\z1haoye\39595\project\x64\debug\jumpnzero.obj
c:\users\yzh16\source\repos\z1haoye\39595\project\x64\debug\jump.obj
c:\users\yzh16\source\repos\z1haoye\39595\project\x64\debug\gosublabel.obj
c:\users\yzh16\source\repos\z1haoye\39595\project\x64\debug\gosub.obj
c:\users\yzh16\source\repos\z1haoye\39595\project\x64\debug\exit.obj
c:\users\yzh16\source\repos\z1haoye\39595\project\x64\debug\dup.obj
c:\users\yzh16\source\repos\z1haoye\39595\project\x64\debug\div.obj
c:\users\yzh16\source\repos\z1haoye\39595\project\x64\debug\declscal.obj
c:\users\yzh16\source\repos\z1haoye\39595\project\x64\debug\declarr.obj
c:\users\yzh16\source\repos\z1haoye\39595\project\x64\debug\add.obj
c:\users\yzh16\source\repos\z1haoye\39595\project\x64\debug\symboltable.obj
c:\users\yzh16\source\repos\z1haoye\39595\project\x64\debug\swap.obj
c:\users\yzh16\source\repos\z1haoye\39595\project\x64\debug\stringbuffer.obj
c:\users\yzh16\source\repos\z1haoye\39595\project\x64\debug\stmt.obj
c:\users\yzh16\source\repos\z1haoye\39595\project\x64\debug\start.obj
c:\users\yzh16\source\repos\z1haoye\39595\project\x64\debug\return_.obj
c:\users\yzh16\source\repos\z1haoye\39595\project\x64\debug\pushscal.obj
c:\users\yzh16\source\repos\z1haoye\39595\project\x64\debug\pushi.obj
c:\users\yzh16\source\repos\z1haoye\39595\project\x64\debug\pusharr.obj
c:\users\yzh16\source\repos\z1haoye\39595\project\x64\debug\project.pdb
c:\users\yzh16\source\repos\z1haoye\39595\project\x64\debug\project.tlog\cl.command.1.tlog
c:\users\yzh16\source\repos\z1haoye\39595\project\x64\debug\project.tlog\cl.read.1.tlog
c:\users\yzh16\source\repos\z1haoye\39595\project\x64\debug\project.tlog\cl.write.1.tlog
c:\users\yzh16\source\repos\z1haoye\39595\project\x64\debug\project.tlog\link.43000-cvtres.read.1.tlog
c:\users\yzh16\source\repos\z1haoye\39595\project\x64\debug\project.tlog\link.43000-cvtres.write.1.tlog
c:\users\yzh16\source\repos\z1haoye\39595\project\x64\debug\project.tlog\link.43000-rc.read.1.tlog
c:\users\yzh16\source\repos\z1haoye\39595\project\x64\debug\project.tlog\link.43000-rc.write.1.tlog
c:\users\yzh16\source\repos\z1haoye\39595\project\x64\debug\project.tlog\link.43000.read.1.tlog
c:\users\yzh16\source\repos\z1haoye\39595\project\x64\debug\project.tlog\link.43000.read.2.tlog
c:\users\yzh16\source\repos\z1haoye\39595\project\x64\debug\project.tlog\link.43000.write.1.tlog
c:\users\yzh16\source\repos\z1haoye\39595\project\x64\debug\project.tlog\link.command.1.tlog
c:\users\yzh16\source\repos\z1haoye\39595\project\x64\debug\project.tlog\link.read.1.tlog
c:\users\yzh16\source\repos\z1haoye\39595\project\x64\debug\project.tlog\link.write.1.tlog
